# JRE version: Java(TM) SE Runtime Environment (8.0_111-b14) (build 1.8.0_111-b14)
# Java VM: Java HotSpot(TM) 64-Bit Server VM (25.111-b14 mixed mode windows-amd64 compressed oops)
Heap:
 PSYoungGen      total 9728K, used 8058K [0x00000000f5600000, 0x00000000f6080000, 0x0000000100000000)
  eden space 8704K, 92% used [0x00000000f5600000,0x00000000f5dde8d8,0x00000000f5e80000)
  from space 1024K, 0% used [0x00000000f5f80000,0x00000000f5f80000,0x00000000f6080000)
  to   space 1024K, 0% used [0x00000000f5e80000,0x00000000f5e80000,0x00000000f5f80000)
 ParOldGen       total 16896K, used 5395K [0x00000000e0200000, 0x00000000e1280000, 0x00000000f5600000)
  object space 16896K, 31% used [0x00000000e0200000,0x00000000e0744de8,0x00000000e1280000)
 Metaspace       used 20417K, capacity 20626K, committed 20864K, reserved 1067008K
  class space    used 2547K, capacity 2611K, committed 2688K, reserved 1048576K
GC Heap History (6 events):
Event: 30.585 GC heap before
{Heap before GC invocations=1 (full 0):
 PSYoungGen      total 9728K, used 8607K [0x00000000f5600000, 0x00000000f6080000, 0x0000000100000000)
  eden space 8704K, 98% used [0x00000000f5600000,0x00000000f5e67e18,0x00000000f5e80000)
  from space 1024K, 0% used [0x00000000f5f80000,0x00000000f5f80000,0x00000000f6080000)
  to   space 1024K, 0% used [0x00000000f5e80000,0x00000000f5e80000,0x00000000f5f80000)
 ParOldGen       total 22016K, used 0K [0x00000000e0200000, 0x00000000e1780000, 0x00000000f5600000)
  object space 22016K, 0% used [0x00000000e0200000,0x00000000e0200000,0x00000000e1780000)
 Metaspace       used 14367K, capacity 14568K, committed 14848K, reserved 1062912K
  class space    used 1923K, capacity 2002K, committed 2048K, reserved 1048576K
Event: 30.600 GC heap after
Heap after GC invocations=1 (full 0):
 PSYoungGen      total 9728K, used 1023K [0x00000000f5600000, 0x00000000f6080000, 0x0000000100000000)
  eden space 8704K, 0% used [0x00000000f5600000,0x00000000f5600000,0x00000000f5e80000)
  from space 1024K, 99% used [0x00000000f5e80000,0x00000000f5f7fc30,0x00000000f5f80000)
  to   space 1024K, 0% used [0x00000000f5f80000,0x00000000f5f80000,0x00000000f6080000)
 ParOldGen       total 22016K, used 2104K [0x00000000e0200000, 0x00000000e1780000, 0x00000000f5600000)
  object space 22016K, 9% used [0x00000000e0200000,0x00000000e040e2b0,0x00000000e1780000)
 Metaspace       used 14367K, capacity 14568K, committed 14848K, reserved 1062912K
  class space    used 1923K, capacity 2002K, committed 2048K, reserved 1048576K
}
Event: 33.573 GC heap before
{Heap before GC invocations=2 (full 0):
 PSYoungGen      total 9728K, used 9074K [0x00000000f5600000, 0x00000000f6080000, 0x0000000100000000)
  eden space 8704K, 92% used [0x00000000f5600000,0x00000000f5ddcee0,0x00000000f5e80000)
  from space 1024K, 99% used [0x00000000f5e80000,0x00000000f5f7fc30,0x00000000f5f80000)
  to   space 1024K, 0% used [0x00000000f5f80000,0x00000000f5f80000,0x00000000f6080000)
 ParOldGen       total 22016K, used 2104K [0x00000000e0200000, 0x00000000e1780000, 0x00000000f5600000)
  object space 22016K, 9% used [0x00000000e0200000,0x00000000e040e2b0,0x00000000e1780000)
 Metaspace       used 18606K, capacity 18792K, committed 18944K, reserved 1069056K
  class space    used 2365K, capacity 2450K, committed 2560K, reserved 1048576K
Event: 33.589 GC heap after
Heap after GC invocations=2 (full 0):
 PSYoungGen      total 9728K, used 1024K [0x00000000f5600000, 0x00000000f6080000, 0x0000000100000000)
  eden space 8704K, 0% used [0x00000000f5600000,0x00000000f5600000,0x00000000f5e80000)
  from space 1024K, 100% used [0x00000000f5f80000,0x00000000f6080000,0x00000000f6080000)
  to   space 1024K, 0% used [0x00000000f5e80000,0x00000000f5e80000,0x00000000f5f80000)
 ParOldGen       total 22016K, used 4521K [0x00000000e0200000, 0x00000000e1780000, 0x00000000f5600000)
  object space 22016K, 20% used [0x00000000e0200000,0x00000000e066a540,0x00000000e1780000)
 Metaspace       used 18606K, capacity 18792K, committed 18944K, reserved 1069056K
  class space    used 2365K, capacity 2450K, committed 2560K, reserved 1048576K
}
Event: 33.589 GC heap before
{Heap before GC invocations=3 (full 1):
 PSYoungGen      total 9728K, used 1024K [0x00000000f5600000, 0x00000000f6080000, 0x0000000100000000)
  eden space 8704K, 0% used [0x00000000f5600000,0x00000000f5600000,0x00000000f5e80000)
  from space 1024K, 100% used [0x00000000f5f80000,0x00000000f6080000,0x00000000f6080000)
  to   space 1024K, 0% used [0x00000000f5e80000,0x00000000f5e80000,0x00000000f5f80000)
 ParOldGen       total 22016K, used 4521K [0x00000000e0200000, 0x00000000e1780000, 0x00000000f5600000)
  object space 22016K, 20% used [0x00000000e0200000,0x00000000e066a540,0x00000000e1780000)
 Metaspace       used 18606K, capacity 18792K, committed 18944K, reserved 1069056K
  class space    used 2365K, capacity 2450K, committed 2560K, reserved 1048576K
Event: 33.666 GC heap after
Heap after GC invocations=3 (full 1):
 PSYoungGen      total 9728K, used 0K [0x00000000f5600000, 0x00000000f6080000, 0x0000000100000000)
  eden space 8704K, 0% used [0x00000000f5600000,0x00000000f5600000,0x00000000f5e80000)
  from space 1024K, 0% used [0x00000000f5f80000,0x00000000f5f80000,0x00000000f6080000)
  to   space 1024K, 0% used [0x00000000f5e80000,0x00000000f5e80000,0x00000000f5f80000)
 ParOldGen       total 16896K, used 5395K [0x00000000e0200000, 0x00000000e1280000, 0x00000000f5600000)
  object space 16896K, 31% used [0x00000000e0200000,0x00000000e0744de8,0x00000000e1280000)
 Metaspace       used 18606K, capacity 18792K, committed 18944K, reserved 1067008K
  class space    used 2365K, capacity 2450K, committed 2560K, reserved 1048576K
}

